Arguments: 
  /snap/node/1624/bin/node /usr/local/bin/yarn publish

PATH: 
  /home/silas/webdev/ts-node-yeelight/node_modules/.bin:/home/silas/.cargo/bin:/home/silas/bin:/home/silas/.local/bin:/usr/local/sbin:/usr/local/bin:/usr/sbin:/usr/bin:/sbin:/bin:/usr/games:/usr/local/games:/snap/bin:/home/silas/.config/composer/vendor/bin:/home/silas/.yarn/bin

Yarn version: 
  1.12.3

Node version: 
  10.15.1

Platform: 
  linux x64

Trace: 
  Error: canceled
      at Interface.<anonymous> (/usr/local/lib/node_modules/yarn/lib/cli.js:125278:13)
      at Interface.emit (events.js:189:13)
      at Interface._ttyWrite (readline.js:783:16)
      at ReadStream.onkeypress (readline.js:168:10)
      at ReadStream.emit (events.js:189:13)
      at emitKeys (internal/readline.js:424:14)
      at emitKeys.next (<anonymous>)
      at ReadStream.onData (readline.js:1022:36)
      at ReadStream.emit (events.js:189:13)
      at addChunk (_stream_readable.js:284:12)

npm manifest: 
  {
    "name": "ts-node-yeelight",
    "version": "1.0.6",
    "keywords": [
      "yeelight",
      "xiaomi",
      "mi",
      "e27",
      "wifi",
      "smart light",
      "led bulb"
    ],
    "main": "src/Yeelight.ts",
    "scripts": {},
    "author": "James Blanksby",
    "license": "MIT",
    "repository": {
      "type": "git",
      "url": "https://github.com/jamesblanksby/node-yeelight"
    },
    "dependencies": {
      "dgram-as-promised": "^2.0.0",
      "ip": "^1.1.4",
      "net": "^1.0.2",
      "typescript": "^3.3.1"
    },
    "devDependencies": {
      "@types/ip": "^1.1.0",
      "@types/node": "^10.12.21"
    }
  }

yarn manifest: 
  No manifest

Lockfile: 
  # THIS IS AN AUTOGENERATED FILE. DO NOT EDIT THIS FILE DIRECTLY.
  # yarn lockfile v1
  
  
  "@types/ip@^1.1.0":
    version "1.1.0"
    resolved "https://registry.yarnpkg.com/@types/ip/-/ip-1.1.0.tgz#aec4f5bfd49e4a4c53b590d88c36eb078827a7c0"
    integrity sha512-dwNe8gOoF70VdL6WJBwVHtQmAX4RMd62M+mAB9HQFjG1/qiCLM/meRy95Pd14FYBbEDwCq7jgJs89cHpLBu4HQ==
    dependencies:
      "@types/node" "*"
  
  "@types/node@*", "@types/node@^10.12.21":
    version "10.12.21"
    resolved "https://registry.yarnpkg.com/@types/node/-/node-10.12.21.tgz#7e8a0c34cf29f4e17a36e9bd0ea72d45ba03908e"
    integrity sha512-CBgLNk4o3XMnqMc0rhb6lc77IwShMEglz05deDcn2lQxyXEZivfwgYJu7SMha9V5XcrP6qZuevTHV/QrN2vjKQ==
  
  dgram-as-promised@^2.0.0:
    version "2.0.0"
    resolved "https://registry.yarnpkg.com/dgram-as-promised/-/dgram-as-promised-2.0.0.tgz#8debeb0d2fc4696783c73f1a8c97af59a12988a1"
    integrity sha512-LklI47CSATBkZl7PwxovRheCk3pLK4Aiq+/Bf47L7a3ono3He+UmsLtJHF9ZfInAsbxqztJ5UFl9221Jd9AOPw==
    dependencies:
      tslib "^1.9.3"
  
  ip@^1.1.4:
    version "1.1.5"
    resolved "https://registry.yarnpkg.com/ip/-/ip-1.1.5.tgz#bdded70114290828c0a039e72ef25f5aaec4354a"
    integrity sha1-vd7XARQpCCjAoDnnLvJfWq7ENUo=
  
  net@^1.0.2:
    version "1.0.2"
    resolved "https://registry.yarnpkg.com/net/-/net-1.0.2.tgz#d1757ec9a7fb2371d83cf4755ce3e27e10829388"
    integrity sha1-0XV+yaf7I3HYPPR1XOPifhCCk4g=
  
  tslib@^1.9.3:
    version "1.9.3"
    resolved "https://registry.yarnpkg.com/tslib/-/tslib-1.9.3.tgz#d7e4dd79245d85428c4d7e4822a79917954ca286"
    integrity sha512-4krF8scpejhaOgqzBEcGM7yDIEfi0/8+8zDRZhNZZ2kjmHJ4hv3zCbQWxoJGz1iw5U0Jl0nma13xzHXcncMavQ==
  
  typescript@^3.3.1:
    version "3.3.1"
    resolved "https://registry.yarnpkg.com/typescript/-/typescript-3.3.1.tgz#6de14e1db4b8a006ac535e482c8ba018c55f750b"
    integrity sha512-cTmIDFW7O0IHbn1DPYjkiebHxwtCMU+eTy30ZtJNBPF9j2O1ITu5XH2YnBeVRKWHqF+3JQwWJv0Q0aUgX8W7IA==
